*ERROR* 	2013/01/10 - 20:19:35: Cannot install module "bankwire"
*ERROR* 	2013/01/10 - 20:19:35: Cannot install module "blockadvertising"
*ERROR* 	2013/01/10 - 20:19:35: Cannot install module "blockbestsellers"
*ERROR* 	2013/01/10 - 20:19:35: Cannot install module "blockcart"
*ERROR* 	2013/01/10 - 20:19:35: Cannot install module "blockcategories"
*ERROR* 	2013/01/10 - 20:19:35: Cannot install module "blockcms"
*ERROR* 	2013/01/10 - 20:19:35: Cannot install module "blockcontact"
*ERROR* 	2013/01/10 - 20:19:35: Cannot install module "blockcontactinfos"
*ERROR* 	2013/01/10 - 20:19:35: Cannot install module "blockcurrencies"
*ERROR* 	2013/01/10 - 20:19:35: Cannot install module "blockcustomerprivacy"
*ERROR* 	2013/01/10 - 20:19:35: Cannot install module "blocklanguages"
*ERROR* 	2013/01/10 - 20:19:35: Cannot install module "blockmanufacturer"
*ERROR* 	2013/01/10 - 20:19:35: Cannot install module "blockmyaccount"
*ERROR* 	2013/01/10 - 20:19:35: Cannot install module "blockmyaccountfooter"
*ERROR* 	2013/01/10 - 20:19:35: Cannot install module "blocknewproducts"
*ERROR* 	2013/01/10 - 20:19:35: Cannot install module "blocknewsletter"
*ERROR* 	2013/01/10 - 20:19:35: Cannot install module "blockpaymentlogo"
*ERROR* 	2013/01/10 - 20:19:35: Cannot install module "blockpermanentlinks"
*ERROR* 	2013/01/10 - 20:19:35: Cannot install module "blockreinsurance"
*ERROR* 	2013/01/10 - 20:19:35: Cannot install module "blocksearch"
*ERROR* 	2013/01/10 - 20:19:35: Cannot install module "blocksharefb"
*ERROR* 	2013/01/10 - 20:19:35: Cannot install module "blocksocial"
*ERROR* 	2013/01/10 - 20:19:35: Cannot install module "blockspecials"
*ERROR* 	2013/01/10 - 20:19:35: Cannot install module "blockstore"
*ERROR* 	2013/01/10 - 20:19:35: Cannot install module "blocksupplier"
*ERROR* 	2013/01/10 - 20:19:35: Cannot install module "blocktags"
*ERROR* 	2013/01/10 - 20:19:35: Cannot install module "blocktopmenu"
*ERROR* 	2013/01/10 - 20:19:35: Cannot install module "blockuserinfo"
*ERROR* 	2013/01/10 - 20:19:35: Cannot install module "blockviewed"
*ERROR* 	2013/01/10 - 20:19:35: Cannot install module "cheque"
*ERROR* 	2013/01/10 - 20:19:35: Cannot install module "favoriteproducts"
*ERROR* 	2013/01/10 - 20:19:35: Cannot install module "feeder"
*ERROR* 	2013/01/10 - 20:19:35: Cannot install module "graphartichow"
*ERROR* 	2013/01/10 - 20:19:35: Cannot install module "graphgooglechart"
*ERROR* 	2013/01/10 - 20:19:35: Cannot install module "graphvisifire"
*ERROR* 	2013/01/10 - 20:19:35: Cannot install module "graphxmlswfcharts"
*ERROR* 	2013/01/10 - 20:19:35: Cannot install module "gridhtml"
*ERROR* 	2013/01/10 - 20:19:35: Cannot install module "gsitemap"
*ERROR* 	2013/01/10 - 20:19:35: Cannot install module "homefeatured"
*ERROR* 	2013/01/10 - 20:19:35: Cannot install module "homeslider"
*ERROR* 	2013/01/10 - 20:19:35: Cannot install module "pagesnotfound"
*ERROR* 	2013/01/10 - 20:19:35: Cannot install module "sekeywords"
*ERROR* 	2013/01/10 - 20:19:35: Cannot install module "statsbestcategories"
*ERROR* 	2013/01/10 - 20:19:35: Cannot install module "statsbestcustomers"
*ERROR* 	2013/01/10 - 20:19:35: Cannot install module "statsbestproducts"
*ERROR* 	2013/01/10 - 20:19:35: Cannot install module "statsbestsuppliers"
*ERROR* 	2013/01/10 - 20:19:35: Cannot install module "statsbestvouchers"
*ERROR* 	2013/01/10 - 20:19:35: Cannot install module "statscarrier"
*ERROR* 	2013/01/10 - 20:19:35: Cannot install module "statscatalog"
*ERROR* 	2013/01/10 - 20:19:35: Cannot install module "statscheckup"
*ERROR* 	2013/01/10 - 20:19:35: Cannot install module "statsdata"
*ERROR* 	2013/01/10 - 20:19:35: Cannot install module "statsequipment"
*ERROR* 	2013/01/10 - 20:19:35: Cannot install module "statsforecast"
*ERROR* 	2013/01/10 - 20:19:35: Cannot install module "statslive"
*ERROR* 	2013/01/10 - 20:19:35: Cannot install module "statsnewsletter"
*ERROR* 	2013/01/10 - 20:19:35: Cannot install module "statsorigin"
*ERROR* 	2013/01/10 - 20:19:35: Cannot install module "statspersonalinfos"
*ERROR* 	2013/01/10 - 20:19:35: Cannot install module "statsproduct"
*ERROR* 	2013/01/10 - 20:19:35: Cannot install module "statsregistrations"
*ERROR* 	2013/01/10 - 20:19:35: Cannot install module "statssales"
*ERROR* 	2013/01/10 - 20:19:35: Cannot install module "statssearch"
*ERROR* 	2013/01/10 - 20:19:35: Cannot install module "statsstock"
*ERROR* 	2013/01/10 - 20:19:35: Cannot install module "statsvisits"
*ERROR* 	2013/01/10 - 20:20:50: SQL error on query <i>Table 'ps_access' already exists</i>
